#
# There is insufficient memory for the Java Runtime Environment to continue.
# Native memory allocation (mmap) failed to map 134217728 bytes. Error detail: G1 virtual space
# Possible reasons:
#   The system is out of physical RAM or swap space
#   This process is running with CompressedOops enabled, and the Java Heap may be blocking the growth of the native heap
# Possible solutions:
#   Reduce memory load on the system
#   Increase physical memory or swap space
#   Check if swap backing store is full
#   Decrease Java heap size (-Xmx/-Xms)
#   Decrease number of Java threads
#   Decrease Java thread stack sizes (-Xss)
#   Set larger code cache with -XX:ReservedCodeCacheSize=
#   JVM is running with Unscaled Compressed Oops mode in which the Java heap is
#     placed in the first 4GB address space. The Java Heap base address is the
#     maximum limit for the native heap growth. Please use -XX:HeapBaseMinAddress
#     to set the Java Heap base and to place the Java Heap above 4GB virtual address.
# This output file may be truncated or incomplete.
#
#  Out of Memory Error (os_windows.cpp:3703), pid=8612, tid=10680
#
# JRE version:  (23.0.1+11) (build )
# Java VM: OpenJDK 64-Bit Server VM (23.0.1+11, mixed mode, sharing, tiered, compressed oops, compressed class ptrs, g1 gc, windows-amd64)
# No core dump will be written. Minidumps are not enabled by default on client versions of Windows
#

---------------  S U M M A R Y ------------

Command Line: -Dfile.encoding=UTF-8 -Dstdout.encoding=UTF-8 -Dstderr.encoding=UTF-8 --module-path=C:\Users\Den Ishimura\eclipse-workspace\JAVA\bin -XX:+ShowCodeDetailsInExceptionMessages -Djdk.module.main=JAVA JAVA/JAVA.JAVA

Host: Intel(R) Core(TM) i5-4590S CPU @ 3.00GHz, 4 cores, 7G,  Windows 10 , 64 bit Build 19041 (10.0.19041.5198)
Time: Sun Dec  1 16:47:32 2024 Malay Peninsula Standard Time elapsed time: 0.020803 seconds (0d 0h 0m 0s)

---------------  T H R E A D  ---------------

Current thread (0x000001ca9ed088b0):  JavaThread "Unknown thread" [_thread_in_vm, id=10680, stack(0x000000aa0b800000,0x000000aa0b900000) (1024K)]

Stack: [0x000000aa0b800000,0x000000aa0b900000]
Native frames: (J=compiled Java code, j=interpreted, Vv=VM code, C=native code)
V  [jvm.dll+0x6e8c79]  (no source info available)
V  [jvm.dll+0x8d9253]  (no source info available)
V  [jvm.dll+0x8db6de]  (no source info available)
V  [jvm.dll+0x8dbdb3]  (no source info available)
V  [jvm.dll+0x281aa6]  (no source info available)
V  [jvm.dll+0x6e5575]  (no source info available)
V  [jvm.dll+0x6d958a]  (no source info available)
V  [jvm.dll+0x3625fa]  (no source info available)
V  [jvm.dll+0x36aa26]  (no source info available)
V  [jvm.dll+0x356fce]  (no source info available)
V  [jvm.dll+0x357268]  (no source info available)
V  [jvm.dll+0x32fbfc]  (no source info available)
V  [jvm.dll+0x33089e]  (no source info available)
V  [jvm.dll+0x89f955]  (no source info available)
V  [jvm.dll+0x3bfe88]  (no source info available)
V  [jvm.dll+0x88849c]  (no source info available)
V  [jvm.dll+0x45a16e]  (no source info available)
V  [jvm.dll+0x45bf81]  (no source info available)
C  [jli.dll+0x5278]  (no source info available)
C  [ucrtbase.dll+0x21bb2]  (no source info available)
C  [KERNEL32.DLL+0x17374]  (no source info available)
C  [ntdll.dll+0x4cc91]  (no source info available)

Lock stack of current Java thread (top to bottom):


---------------  P R O C E S S  ---------------

Threads class SMR info:
_java_thread_list=0x00007ff930c98ad8, length=0, elements={
}

Java Threads: ( => current thread )
Total: 0

Other Threads:
  0x000001caa0f119b0 WorkerThread "GC Thread#0"                     [id=3344, stack(0x000000aa0b900000,0x000000aa0ba00000) (1024K)]
  0x000001caa0f290a0 ConcurrentGCThread "G1 Main Marker"            [id=15388, stack(0x000000aa0ba00000,0x000000aa0bb00000) (1024K)]
  0x000001caa0f29bb0 WorkerThread "G1 Conc#0"                       [id=11940, stack(0x000000aa0bb00000,0x000000aa0bc00000) (1024K)]

[error occurred during error reporting (printing all threads), id 0xc0000005, EXCEPTION_ACCESS_VIOLATION (0xc0000005) at pc=0x00007ff93037326a]
VM state: not at safepoint (not fully initialized)

VM Mutex/Monitor currently owned by a thread:  ([mutex/lock_event])
[0x00007ff930d1be70] Heap_lock - owner thread: 0x000001ca9ed088b0

Heap address: 0x0000000081200000, size: 2030 MB, Compressed Oops mode: 32-bit

CDS archive(s) mapped at: [0x0000000000000000-0x0000000000000000-0x0000000000000000), size 0, SharedBaseAddress: 0x0000000800000000, ArchiveRelocationMode: 1.
Narrow klass base: 0x0000000000000000, Narrow klass shift: 0, Narrow klass range: 0x0

GC Precious Log:
 CardTable entry size: 512
 Card Set container configuration: InlinePtr #cards 5 size 8 Array Of Cards #cards 10 size 36 Howl #buckets 4 coarsen threshold 1843 Howl Bitmap #cards 512 size 80 coarsen threshold 460 Card regions per heap region 1 cards per card region 2048

Heap:
 garbage-first heap   total reserved 2078720K, committed 0K, used 0K [0x0000000081200000, 0x0000000100000000)
  region size 1024K, 0 young (0K), 0 survivors (0K)

[error occurred during error reporting (printing heap information), id 0xc0000005, EXCEPTION_ACCESS_VIOLATION (0xc0000005) at pc=0x00007ff9307751f9]
GC Heap History (0 events):
No events

Dll operation events (1 events):
Event: 0.012 Loaded shared library C:\Users\Den Ishimura\.p2\pool\plugins\org.eclipse.justj.openjdk.hotspot.jre.full.win32.x86_64_23.0.1.v20241024-1700\jre\bin\java.dll

Deoptimization events (0 events):
No events

Classes loaded (0 events):
No events

Classes unloaded (0 events):
No events

Classes redefined (0 events):
No events

Internal exceptions (0 events):
No events

VM Operations (0 events):
No events

Memory protections (0 events):
No events

Nmethod flushes (0 events):
No events

Events (0 events):
No events


Dynamic libraries:
0x00007ff68f100000 - 0x00007ff68f10e000 	C:\Users\Den Ishimura\.p2\pool\plugins\org.eclipse.justj.openjdk.hotspot.jre.full.win32.x86_64_23.0.1.v20241024-1700\jre\bin\javaw.exe
0x00007ff97ce50000 - 0x00007ff97d048000 	C:\WINDOWS\SYSTEM32\ntdll.dll
0x00007ff97bff0000 - 0x00007ff97c0b2000 	C:\WINDOWS\System32\KERNEL32.DLL
0x00007ff97a710000 - 0x00007ff97aa0e000 	C:\WINDOWS\System32\KERNELBASE.dll
0x00007ff97aba0000 - 0x00007ff97aca0000 	C:\WINDOWS\System32\ucrtbase.dll
0x00007ff9769b0000 - 0x00007ff9769c7000 	C:\Users\Den Ishimura\.p2\pool\plugins\org.eclipse.justj.openjdk.hotspot.jre.full.win32.x86_64_23.0.1.v20241024-1700\jre\bin\jli.dll
0x00007ff97ba90000 - 0x00007ff97bc2d000 	C:\WINDOWS\System32\USER32.dll
0x00007ff97a4f0000 - 0x00007ff97a512000 	C:\WINDOWS\System32\win32u.dll
0x00007ff97b740000 - 0x00007ff97b76b000 	C:\WINDOWS\System32\GDI32.dll
0x00007ff97aca0000 - 0x00007ff97adb7000 	C:\WINDOWS\System32\gdi32full.dll
0x00007ff970ce0000 - 0x00007ff970cfe000 	C:\Users\Den Ishimura\.p2\pool\plugins\org.eclipse.justj.openjdk.hotspot.jre.full.win32.x86_64_23.0.1.v20241024-1700\jre\bin\VCRUNTIME140.dll
0x00007ff97aab0000 - 0x00007ff97ab4d000 	C:\WINDOWS\System32\msvcp_win.dll
0x00007ff96b1a0000 - 0x00007ff96b43a000 	C:\WINDOWS\WinSxS\amd64_microsoft.windows.common-controls_6595b64144ccf1df_6.0.19041.4355_none_60b8b9eb71f62e16\COMCTL32.dll
0x00007ff97bf50000 - 0x00007ff97bfee000 	C:\WINDOWS\System32\msvcrt.dll
0x00007ff97ae70000 - 0x00007ff97ae9f000 	C:\WINDOWS\System32\IMM32.DLL
0x00007ff977a80000 - 0x00007ff977a8c000 	C:\Users\Den Ishimura\.p2\pool\plugins\org.eclipse.justj.openjdk.hotspot.jre.full.win32.x86_64_23.0.1.v20241024-1700\jre\bin\vcruntime140_1.dll
0x00007ff949850000 - 0x00007ff9498dd000 	C:\Users\Den Ishimura\.p2\pool\plugins\org.eclipse.justj.openjdk.hotspot.jre.full.win32.x86_64_23.0.1.v20241024-1700\jre\bin\msvcp140.dll
0x00007ff930030000 - 0x00007ff930dfd000 	C:\Users\Den Ishimura\.p2\pool\plugins\org.eclipse.justj.openjdk.hotspot.jre.full.win32.x86_64_23.0.1.v20241024-1700\jre\bin\server\jvm.dll
0x00007ff97bd60000 - 0x00007ff97be11000 	C:\WINDOWS\System32\ADVAPI32.dll
0x00007ff97b6a0000 - 0x00007ff97b73f000 	C:\WINDOWS\System32\sechost.dll
0x00007ff97be20000 - 0x00007ff97bf43000 	C:\WINDOWS\System32\RPCRT4.dll
0x00007ff97aa10000 - 0x00007ff97aa37000 	C:\WINDOWS\System32\bcrypt.dll
0x00007ff97b8c0000 - 0x00007ff97b92b000 	C:\WINDOWS\System32\WS2_32.dll
0x00007ff97a350000 - 0x00007ff97a39b000 	C:\WINDOWS\SYSTEM32\POWRPROF.dll
0x00007ff96b070000 - 0x00007ff96b097000 	C:\WINDOWS\SYSTEM32\WINMM.dll
0x00007ff9706a0000 - 0x00007ff9706aa000 	C:\WINDOWS\SYSTEM32\VERSION.dll
0x00007ff97a330000 - 0x00007ff97a342000 	C:\WINDOWS\SYSTEM32\UMPDC.dll
0x00007ff978d60000 - 0x00007ff978d72000 	C:\WINDOWS\SYSTEM32\kernel.appcore.dll
0x00007ff977a70000 - 0x00007ff977a7a000 	C:\Users\Den Ishimura\.p2\pool\plugins\org.eclipse.justj.openjdk.hotspot.jre.full.win32.x86_64_23.0.1.v20241024-1700\jre\bin\jimage.dll
0x00007ff967e00000 - 0x00007ff967fe4000 	C:\WINDOWS\SYSTEM32\DBGHELP.DLL
0x00007ff965920000 - 0x00007ff965954000 	C:\WINDOWS\SYSTEM32\dbgcore.DLL
0x00007ff97a520000 - 0x00007ff97a5a2000 	C:\WINDOWS\System32\bcryptPrimitives.dll
0x00007ff9738e0000 - 0x00007ff9738fe000 	C:\Users\Den Ishimura\.p2\pool\plugins\org.eclipse.justj.openjdk.hotspot.jre.full.win32.x86_64_23.0.1.v20241024-1700\jre\bin\java.dll
0x00007ff97b100000 - 0x00007ff97b22b000 	C:\WINDOWS\System32\ole32.dll
0x00007ff97c9a0000 - 0x00007ff97ccf3000 	C:\WINDOWS\System32\combase.dll
0x00007ff97c230000 - 0x00007ff97c99d000 	C:\WINDOWS\System32\SHELL32.dll

dbghelp: loaded successfully - version: 4.0.5 - missing functions: none
symbol engine: initialized successfully - sym options: 0x614 - pdb path: .;C:\Users\Den Ishimura\.p2\pool\plugins\org.eclipse.justj.openjdk.hotspot.jre.full.win32.x86_64_23.0.1.v20241024-1700\jre\bin;C:\WINDOWS\SYSTEM32;C:\WINDOWS\WinSxS\amd64_microsoft.windows.common-controls_6595b64144ccf1df_6.0.19041.4355_none_60b8b9eb71f62e16;C:\Users\Den Ishimura\.p2\pool\plugins\org.eclipse.justj.openjdk.hotspot.jre.full.win32.x86_64_23.0.1.v20241024-1700\jre\bin\server

VM Arguments:
jvm_args: -Dfile.encoding=UTF-8 -Dstdout.encoding=UTF-8 -Dstderr.encoding=UTF-8 --module-path=C:\Users\Den Ishimura\eclipse-workspace\JAVA\bin -XX:+ShowCodeDetailsInExceptionMessages -Djdk.module.main=JAVA 
java_command: JAVA/JAVA.JAVA
java_class_path (initial): <not set>
Launcher Type: SUN_STANDARD

[Global flags]
     intx CICompilerCount                          = 3                                         {product} {ergonomic}
     uint ConcGCThreads                            = 1                                         {product} {ergonomic}
     uint G1ConcRefinementThreads                  = 4                                         {product} {ergonomic}
   size_t G1HeapRegionSize                         = 1048576                                   {product} {ergonomic}
   size_t InitialHeapSize                          = 134217728                                 {product} {ergonomic}
   size_t MarkStackSize                            = 4194304                                   {product} {ergonomic}
   size_t MarkStackSizeMax                         = 536870912                                 {product} {ergonomic}
   size_t MaxHeapSize                              = 2128609280                                {product} {ergonomic}
   size_t MinHeapDeltaBytes                        = 1048576                                   {product} {ergonomic}
   size_t MinHeapSize                              = 8388608                                   {product} {ergonomic}
    uintx NonNMethodCodeHeapSize                   = 5832704                                {pd product} {ergonomic}
    uintx NonProfiledCodeHeapSize                  = 122945536                              {pd product} {ergonomic}
    uintx ProfiledCodeHeapSize                     = 122880000                              {pd product} {ergonomic}
    uintx ReservedCodeCacheSize                    = 251658240                              {pd product} {ergonomic}
     bool SegmentedCodeCache                       = true                                      {product} {ergonomic}
     bool ShowCodeDetailsInExceptionMessages       = true                                   {manageable} {command line}
   size_t SoftMaxHeapSize                          = 2128609280                             {manageable} {ergonomic}
     bool UseCompressedOops                        = true                           {product lp64_product} {ergonomic}
     bool UseG1GC                                  = true                                      {product} {ergonomic}
     bool UseLargePagesIndividualAllocation        = false                                  {pd product} {ergonomic}

Logging:
Log output configuration:
 #0: stdout all=warning uptime,level,tags foldmultilines=false
 #1: stderr all=off uptime,level,tags foldmultilines=false

Environment Variables:
PATH=C:/Users/Den Ishimura/.p2/pool/plugins/org.eclipse.justj.openjdk.hotspot.jre.full.win32.x86_64_23.0.1.v20241024-1700/jre/bin/server;C:/Users/Den Ishimura/.p2/pool/plugins/org.eclipse.justj.openjdk.hotspot.jre.full.win32.x86_64_23.0.1.v20241024-1700/jre/bin;C:\WINDOWS\system32;C:\WINDOWS;C:\WINDOWS\System32\Wbem;C:\WINDOWS\System32\WindowsPowerShell\v1.0\;C:\WINDOWS\System32\OpenSSH\;C:\Users\Den Ishimura\AppData\Local\Programs\Python\Launcher\;C:\Users\Den Ishimura\AppData\Local\Microsoft\WindowsApps;;C:\WINDOWS\system32;
USERNAME=Den Ishimura
OS=Windows_NT
PROCESSOR_IDENTIFIER=Intel64 Family 6 Model 60 Stepping 3, GenuineIntel
TMP=C:\Users\DENISH~1\AppData\Local\Temp
TEMP=C:\Users\DENISH~1\AppData\Local\Temp




Periodic native trim disabled

---------------  S Y S T E M  ---------------

OS:
 Windows 10 , 64 bit Build 19041 (10.0.19041.5198)
OS uptime: 2 days 10:00 hours

CPU: total 4 (initial active 4) (4 cores per cpu, 1 threads per core) family 6 model 60 stepping 3 microcode 0x27, cx8, cmov, fxsr, mmx, sse, sse2, sse3, ssse3, sse4.1, sse4.2, popcnt, lzcnt, tsc, tscinvbit, avx, avx2, aes, erms, clmul, bmi1, bmi2, fma, vzeroupper, clflush, rdtscp, f16c
Processor Information for the first 4 processors :
  Max Mhz: 3001, Current Mhz: 3001, Mhz Limit: 3001

Memory: 4k page, system-wide physical 8114M (1508M free)
TotalPageFile size 10162M (AvailPageFile size 8M)
current process WorkingSet (physical memory assigned to process): 11M, peak: 11M
current process commit charge ("private bytes"): 52M, peak: 180M

vm_info: OpenJDK 64-Bit Server VM (23.0.1+11) for windows-amd64 JRE (23.0.1+11), built on 2024-10-15T00:00:00Z with MS VC++ 17.7 (VS2022)

END.
